<?xml version="1.0" encoding="UTF-8"?>
<!-- Generated by org.testng.reporters.JUnitReportReporter -->
<testsuite skipped="0" hostname="mitesh" name="com.apiautomation.restframework.GetWetherRequest" tests="2" failures="0" timestamp="2020-10-11T12:08:49 IST" time="3.026" errors="0">
  <testcase name="GetWeatherDetails" time="2.316" classname="com.apiautomation.restframework.GetWetherRequest"/>
  <system-out/>
  <testcase name="ValidateStatusCode" time="0.710" classname="com.apiautomation.restframework.GetWetherRequest"/>
  <system-out/>
</testsuite> <!-- com.apiautomation.restframework.GetWetherRequest -->
