<?xml version="1.0" encoding="UTF-8"?>
<!-- Generated by org.testng.reporters.JUnitReportReporter -->
<testsuite skipped="0" hostname="mitesh" name="com.apiautomation.restframework.getRequestAutomation" tests="1" failures="0" timestamp="2020-10-11T14:12:44 IST" time="2.278" errors="0">
  <testcase name="getrequestAutomation" time="2.278" classname="com.apiautomation.restframework.getRequestAutomation"/>
  <system-out/>
</testsuite> <!-- com.apiautomation.restframework.getRequestAutomation -->
