<?xml version="1.0" encoding="UTF-8"?>
<!-- Generated by org.testng.reporters.JUnitReportReporter -->
<testsuite skipped="0" hostname="mitesh" name="com.apiautomation.restframework.PostRequestAutomation" tests="1" failures="0" timestamp="2020-10-11T14:26:11 IST" time="2.539" errors="0">
  <testcase name="postApiAutomation" time="2.539" classname="com.apiautomation.restframework.PostRequestAutomation"/>
  <system-out/>
</testsuite> <!-- com.apiautomation.restframework.PostRequestAutomation -->
