<?xml version="1.0" encoding="UTF-8"?>
<!-- Generated by org.testng.reporters.JUnitReportReporter -->
<testsuite skipped="0" hostname="mitesh" name="baseTest.BaseTest" tests="1" failures="0" timestamp="2020-10-11T16:40:07 IST" time="0.007" errors="0">
  <testcase name="utilsTest" time="0.007" classname="baseTest.BaseTest"/>
  <system-out/>
</testsuite> <!-- baseTest.BaseTest -->
